<?xml version="1.0" encoding="UTF-8"?>
<!-- Generated by org.testng.reporters.JUnitReportReporter -->
<testsuite hostname="Hero" failures="0" tests="6" name="khanAcademyTest.TestK" time="68.197" errors="0" timestamp="2024-05-09T11:19:06 IST" skipped="5">
  <testcase classname="khanAcademyTest.TestK" name="test5" time="68.197"/>
  <system-out/>
  <testcase classname="khanAcademyTest.TestK" name="test4">
    <skipped/>
  </testcase> <!-- test4 -->
  <system-out/>
  <testcase classname="khanAcademyTest.TestK" name="test3">
    <skipped/>
  </testcase> <!-- test3 -->
  <system-out/>
  <testcase classname="khanAcademyTest.TestK" name="test2">
    <skipped/>
  </testcase> <!-- test2 -->
  <system-out/>
  <testcase classname="khanAcademyTest.TestK" name="test1">
    <skipped/>
  </testcase> <!-- test1 -->
  <system-out/>
  <testcase classname="khanAcademyTest.TestK" name="scrollIntoViewTest">
    <skipped/>
  </testcase> <!-- scrollIntoViewTest -->
  <system-out/>
</testsuite> <!-- khanAcademyTest.TestK -->
